<?xml version="1.0" encoding="UTF-8"?>
<!-- Generated by org.testng.reporters.JUnitXMLReporter -->
<testsuite hostname="ATMECSINLT-084" ignored="0" name="Default test" tests="2" failures="0" timestamp="14 Oct 2019 14:17:52 GMT" time="18.653" errors="0">
  <testcase name="homepage_Search" time="5.411" classname="com.atmecs.Konakart.testscripts.konakartHome"/>
  <testcase name="Hero_validation" time="6.231" classname="com.atmecs.Konakart.testscripts.konakartHero"/>
</testsuite> <!-- Default test -->
