<?xml version="1.0" encoding="UTF-8"?>
<!-- Generated by org.testng.reporters.JUnitXMLReporter -->
<testsuite hostname="ATMECSINLT-084" ignored="1" name="Test" tests="3" failures="0" timestamp="2019-10-16T18:00:58 IST" time="51.813" errors="0">
  <testcase name="homepage_Search" time="11.88" classname="com.atmecs.Konakart.testscripts.konakartHome"/>
  <testcase name="homepage_Search" time="4.174" classname="com.atmecs.Konakart.testscripts.konakartHome"/>
  <testcase name="hero_validation" time="13.679" classname="com.atmecs.Konakart.testscripts.konakartHero"/>
  <testcase name="@BeforeSuite browserSelect" time="0.0" classname="com.atmecs.Konakart.testbase.testSuiteBase">
    <ignored/>
  </testcase> <!-- @BeforeSuite browserSelect -->
</testsuite> <!-- Test -->
